<?xml version="1.0" encoding="UTF-8"?>
<testng-results ignored="0" total="1" passed="1" failed="0" skipped="0">
  <reporter-output>
  </reporter-output>
  <suite started-at="2021-07-25T15:17:50 IST" name="SkyggeElite" finished-at="2021-07-25T15:18:32 IST" duration-ms="42216">
    <groups>
      <group name="cucumber">
        <method signature="AbstractTestNGCucumberTests.runScenario(io.cucumber.testng.PickleWrapper,io.cucumber.testng.FeatureWrapper)[pri:0, instance:com.runner.Runner@6ff29830]" name="runScenario" class="io.cucumber.testng.AbstractTestNGCucumberTests"/>
      </group> <!-- cucumber -->
    </groups>
    <test started-at="2021-07-25T15:17:50 IST" name="Android" finished-at="2021-07-25T15:18:32 IST" duration-ms="42216">
      <class name="com.runner.Runner">
        <test-method is-config="true" signature="setUpClass()[pri:0, instance:com.runner.Runner@6ff29830]" started-at="2021-07-25T15:17:50 IST" name="setUpClass" finished-at="2021-07-25T15:17:50 IST" duration-ms="200" status="PASS">
          <reporter-output>
          </reporter-output>
        </test-method> <!-- setUpClass -->
        <test-method signature="runScenario(io.cucumber.testng.PickleWrapper,io.cucumber.testng.FeatureWrapper)[pri:0, instance:com.runner.Runner@6ff29830]" started-at="2021-07-25T15:17:50 IST" name="runScenario" description="Runs Cucumber Scenarios" data-provider="scenarios" finished-at="2021-07-25T15:18:32 IST" duration-ms="41946" status="PASS">
          <params>
            <param index="0">
              <value>
                <![CDATA["As a user I want to edit customer profile"]]>
              </value>
            </param>
            <param index="1">
              <value>
                <![CDATA["Optional[Customer Profile scenarios]"]]>
              </value>
            </param>
          </params>
          <reporter-output>
          </reporter-output>
        </test-method> <!-- runScenario -->
        <test-method is-config="true" signature="tearDownClass()[pri:0, instance:com.runner.Runner@6ff29830]" started-at="2021-07-25T15:18:32 IST" name="tearDownClass" finished-at="2021-07-25T15:18:32 IST" duration-ms="48" status="PASS">
          <reporter-output>
          </reporter-output>
        </test-method> <!-- tearDownClass -->
      </class> <!-- com.runner.Runner -->
    </test> <!-- Android -->
  </suite> <!-- SkyggeElite -->
</testng-results>
