<?xml version="1.0" encoding="UTF-8"?>
<testng-results ignored="0" total="1" passed="0" failed="1" skipped="0">
  <reporter-output>
  </reporter-output>
  <suite started-at="2021-07-24T18:39:27 IST" name="SkyggeElite" finished-at="2021-07-24T18:39:57 IST" duration-ms="30196">
    <groups>
      <group name="cucumber">
        <method signature="AbstractTestNGCucumberTests.runScenario(io.cucumber.testng.PickleWrapper,io.cucumber.testng.FeatureWrapper)[pri:0, instance:com.runner.Runner@6ff29830]" name="runScenario" class="io.cucumber.testng.AbstractTestNGCucumberTests"/>
      </group> <!-- cucumber -->
    </groups>
    <test started-at="2021-07-24T18:39:27 IST" name="Android" finished-at="2021-07-24T18:39:57 IST" duration-ms="30196">
      <class name="com.runner.Runner">
        <test-method is-config="true" signature="setUpClass()[pri:0, instance:com.runner.Runner@6ff29830]" started-at="2021-07-24T18:39:27 IST" name="setUpClass" finished-at="2021-07-24T18:39:27 IST" duration-ms="199" status="PASS">
          <reporter-output>
          </reporter-output>
        </test-method> <!-- setUpClass -->
        <test-method signature="runScenario(io.cucumber.testng.PickleWrapper,io.cucumber.testng.FeatureWrapper)[pri:0, instance:com.runner.Runner@6ff29830]" started-at="2021-07-24T18:39:27 IST" name="runScenario" description="Runs Cucumber Scenarios" data-provider="scenarios" finished-at="2021-07-24T18:39:57 IST" duration-ms="29895" status="FAIL">
          <params>
            <param index="0">
              <value>
                <![CDATA["As a user I want to edit customer profile"]]>
              </value>
            </param>
            <param index="1">
              <value>
                <![CDATA["Optional[Customer Profile scenarios]"]]>
              </value>
            </param>
          </params>
          <exception class="java.lang.ClassCastException">
            <message>
              <![CDATA[class com.sun.proxy.$Proxy21 cannot be cast to class org.openqa.selenium.internal.HasIdentity (com.sun.proxy.$Proxy21 and org.openqa.selenium.internal.HasIdentity are in unnamed module of loader 'app')]]>
            </message>
            <full-stacktrace>
              <![CDATA[java.lang.ClassCastException: class com.sun.proxy.$Proxy21 cannot be cast to class org.openqa.selenium.internal.HasIdentity (com.sun.proxy.$Proxy21 and org.openqa.selenium.internal.HasIdentity are in unnamed module of loader 'app')
at io.appium.java_client.touch.offset.ElementOption.withElement(ElementOption.java:89)
at io.appium.java_client.touch.offset.ElementOption.element(ElementOption.java:49)
at com.utils.AndroidUtils.scroll(AndroidUtils.java:15)
at com.pages.CustomerProfilePage.clickOnSaveBtn(CustomerProfilePage.java:97)
at com.stepDefinitions.customerSetpDefinitions.clickOnSaveBtn(customerSetpDefinitions.java:27)
at ✽.user clicks on save button(file:///E:/Work/V/SkyggeElite/feature/customerProfile.feature:12)
]]>
            </full-stacktrace>
          </exception> <!-- java.lang.ClassCastException -->
          <reporter-output>
          </reporter-output>
        </test-method> <!-- runScenario -->
        <test-method is-config="true" signature="tearDownClass()[pri:0, instance:com.runner.Runner@6ff29830]" started-at="2021-07-24T18:39:57 IST" name="tearDownClass" finished-at="2021-07-24T18:39:57 IST" duration-ms="46" status="PASS">
          <reporter-output>
          </reporter-output>
        </test-method> <!-- tearDownClass -->
      </class> <!-- com.runner.Runner -->
    </test> <!-- Android -->
  </suite> <!-- SkyggeElite -->
</testng-results>
